<?xml version="1.0" encoding="UTF-8"?>
<!-- Generated by org.testng.reporters.JUnitXMLReporter -->
<testsuite hostname="DESKTOP-EVV4RUL" name="Default test" tests="4" failures="0" timestamp="3 Apr 2019 05:29:32 GMT" time="31.02" errors="0">
  <testcase name="HPNavigation" time="5.782" classname="E2EPractice.E2EProject.HomePage"/>
  <testcase name="Login" time="1.907" classname="E2EPractice.E2EProject.HomePage"/>
  <testcase name="Login" time="0.32" classname="E2EPractice.E2EProject.HomePage"/>
  <testcase name="Login" time="0.216" classname="E2EPractice.E2EProject.HomePage"/>
</testsuite> <!-- Default test -->
