<?xml version="1.0" encoding="UTF-8"?>
<!-- Generated by org.testng.reporters.JUnitXMLReporter -->
<testsuite hostname="DESKTOP-EVV4RUL" name="Test" tests="1" failures="1" timestamp="3 Apr 2019 09:28:05 GMT" time="8.318" errors="0">
  <testcase name="HPNavigation" time="0.117" classname="E2EPractice.E2EProject.ValidateTitle">
    <failure type="java.lang.AssertionError" message="expected [FEATURED COURSES23] but found [FEATURED COURSES]">
      <![CDATA[java.lang.AssertionError: expected [FEATURED COURSES23] but found [FEATURED COURSES]
	at E2EPractice.E2EProject.ValidateTitle.HPNavigation(ValidateTitle.java:38)
... Removed 29 stack frames]]>
    </failure>
  </testcase> <!-- HPNavigation -->
</testsuite> <!-- Test -->
