<?xml version="1.0" encoding="UTF-8"?>
<!-- Generated by org.testng.reporters.JUnitXMLReporter -->
<testsuite hostname="DESKTOP-EVV4RUL" name="Test2" tests="4" failures="0" timestamp="3 Apr 2019 09:28:48 GMT" time="35.234" errors="0">
  <testcase name="HPNavigation" time="10.503" classname="E2EPractice.E2EProject.HomePage"/>
  <testcase name="Login" time="6.305" classname="E2EPractice.E2EProject.HomePage"/>
  <testcase name="Login" time="6.374" classname="E2EPractice.E2EProject.HomePage"/>
  <testcase name="Login" time="8.085" classname="E2EPractice.E2EProject.HomePage"/>
</testsuite> <!-- Test2 -->
